Determining if the pthread_create exist failed with the following output:
Change Dir: /home/lordalveric/development/cpp_proj/gravity-set-compute/build/CMakeFiles/CMakeTmp

Run Build Command:"/usr/bin/ninja" "cmTC_4b735"
[1/2] Building C object CMakeFiles/cmTC_4b735.dir/CheckSymbolExists.c.o
[2/2] Linking C executable cmTC_4b735
FAILED: cmTC_4b735 
: && /usr/bin/cc   -rdynamic CMakeFiles/cmTC_4b735.dir/CheckSymbolExists.c.o  -o cmTC_4b735   && :
/usr/bin/ld: CMakeFiles/cmTC_4b735.dir/CheckSymbolExists.c.o: in function `main':
CheckSymbolExists.c:(.text+0x1b): undefined reference to `pthread_create'
collect2: error: ld returned 1 exit status
ninja: build stopped: subcommand failed.

File /home/lordalveric/development/cpp_proj/gravity-set-compute/build/CMakeFiles/CMakeTmp/CheckSymbolExists.c:
/* */
#include <pthread.h>

int main(int argc, char** argv)
{
  (void)argv;
#ifndef pthread_create
  return ((int*)(&pthread_create))[argc];
#else
  (void)argc;
  return 0;
#endif
}

Determining if the function pthread_create exists in the pthreads failed with the following output:
Change Dir: /home/lordalveric/development/cpp_proj/gravity-set-compute/build/CMakeFiles/CMakeTmp

Run Build Command:"/usr/bin/ninja" "cmTC_c7d34"
[1/2] Building C object CMakeFiles/cmTC_c7d34.dir/CheckFunctionExists.c.o
[2/2] Linking C executable cmTC_c7d34
FAILED: cmTC_c7d34 
: && /usr/bin/cc -DCHECK_FUNCTION_EXISTS=pthread_create  -rdynamic CMakeFiles/cmTC_c7d34.dir/CheckFunctionExists.c.o  -o cmTC_c7d34  -lpthreads && :
/usr/bin/ld: cannot find -lpthreads
collect2: error: ld returned 1 exit status
ninja: build stopped: subcommand failed.


